[04:23:44] [main/INFO]: Setting user: ForgeDevName
[04:23:45] [Client thread/INFO]: LWJGL Version: 2.9.1
[04:23:51] [Client thread/INFO]: Reloading ResourceManager: Default, FMLFileResourcePack:Forge Mod Loader, FMLFileResourcePack:Minecraft Forge, FMLFileResourcePack:Admin Control Panel
[04:23:51] [Sound Library Loader/INFO]: Sound engine started
[04:23:52] [Client thread/INFO]: Created: 512x256 textures/blocks-atlas
[04:23:53] [Client thread/INFO]: Created: 256x256 textures/items-atlas
[04:23:53] [Client thread/INFO]: Reloading ResourceManager: Default, FMLFileResourcePack:Forge Mod Loader, FMLFileResourcePack:Minecraft Forge, FMLFileResourcePack:Admin Control Panel
[04:23:53] [Client thread/INFO]: Created: 256x256 textures/items-atlas
[04:23:53] [Client thread/INFO]: Created: 512x256 textures/blocks-atlas
[04:23:54] [Sound Library Loader/INFO]: Sound engine started
[04:31:32] [Server thread/INFO]: Starting integrated minecraft server version 1.7.10
[04:31:32] [Server thread/INFO]: Generating keypair
[04:31:33] [Server thread/INFO]: Preparing start region for level 0
[04:31:34] [Server thread/INFO]: Changing view distance to 12, from 10
[04:31:34] [Server thread/INFO]: ForgeDevName[local:E:e869fd22] logged in with entity id 369 at (233.5991082671232, 74.0, -89.8843327404189)
[04:31:34] [Server thread/INFO]: ForgeDevName joined the game
[04:31:35] [Server thread/INFO]: Saving and pausing game...
[04:31:35] [Server thread/INFO]: Saving chunks for level 'New World'/Overworld
[04:31:35] [Server thread/INFO]: Saving chunks for level 'New World'/Nether
[04:31:35] [Server thread/INFO]: Saving chunks for level 'New World'/The End
[04:31:39] [Server thread/INFO]: Saving and pausing game...
[04:31:39] [Server thread/INFO]: Saving chunks for level 'New World'/Overworld
[04:31:39] [Server thread/INFO]: Saving chunks for level 'New World'/Nether
[04:31:39] [Server thread/INFO]: Saving chunks for level 'New World'/The End
