[23:40:01] [main/INFO]: Setting user: ForgeDevName
[23:40:02] [Client thread/INFO]: LWJGL Version: 2.9.1
[23:40:08] [Client thread/INFO]: Reloading ResourceManager: Default, FMLFileResourcePack:Forge Mod Loader, FMLFileResourcePack:Minecraft Forge, FMLFileResourcePack:Admin Control Panel
[23:40:09] [Sound Library Loader/INFO]: Sound engine started
[23:40:10] [Client thread/INFO]: Created: 512x256 textures/blocks-atlas
[23:40:10] [Client thread/INFO]: Created: 256x256 textures/items-atlas
[23:40:10] [Client thread/INFO]: Reloading ResourceManager: Default, FMLFileResourcePack:Forge Mod Loader, FMLFileResourcePack:Minecraft Forge, FMLFileResourcePack:Admin Control Panel
[23:40:10] [Client thread/INFO]: Created: 256x256 textures/items-atlas
[23:40:11] [Client thread/INFO]: Created: 512x256 textures/blocks-atlas
[23:40:11] [Sound Library Loader/INFO]: Sound engine started
[23:40:30] [Server thread/INFO]: Starting integrated minecraft server version 1.7.10
[23:40:30] [Server thread/INFO]: Generating keypair
[23:40:30] [Server thread/INFO]: Preparing start region for level 0
[23:40:31] [Server thread/INFO]: Changing view distance to 12, from 10
[23:40:32] [Server thread/INFO]: ForgeDevName[local:E:0672430d] logged in with entity id 337 at (242.94654470544486, 73.0, -87.79731873061546)
[23:40:32] [Server thread/INFO]: ForgeDevName joined the game
[23:40:32] [Server thread/INFO]: Saving and pausing game...
[23:40:32] [Server thread/INFO]: Saving chunks for level 'New World'/Overworld
[23:40:33] [Server thread/INFO]: Saving chunks for level 'New World'/Nether
[23:40:33] [Server thread/INFO]: Saving chunks for level 'New World'/The End
[23:41:23] [Server thread/INFO]: [ForgeDevName: Set the time to 1000]
[23:41:23] [Client thread/INFO]: [CHAT] Set the time to 1000
[23:41:28] [Server thread/INFO]: [ForgeDevName: Set the time to 6000]
[23:41:28] [Client thread/INFO]: [CHAT] Set the time to 6000
[23:41:32] [Client thread/INFO]: [CHAT] commandBlockOutput, doDaylightCycle, doFireTick, doMobLoot, doMobSpawning, doTileDrops, keepInventory, mobGriefing and naturalRegeneration
[23:41:38] [Server thread/INFO]: [ForgeDevName: Game rule has been updated]
[23:41:38] [Client thread/INFO]: [CHAT] Game rule has been updated
[23:41:40] [Server thread/INFO]: [ForgeDevName: Set the time to 6000]
[23:41:40] [Client thread/INFO]: [CHAT] Set the time to 6000
[23:41:47] [Server thread/INFO]: Saving and pausing game...
[23:41:47] [Server thread/INFO]: Saving chunks for level 'New World'/Overworld
[23:41:47] [Server thread/INFO]: Saving chunks for level 'New World'/Nether
[23:41:47] [Server thread/INFO]: Saving chunks for level 'New World'/The End
[23:41:55] [Server thread/INFO]: [ForgeDevName: Set own game mode to Creative Mode]
[23:41:55] [Client thread/INFO]: [CHAT] Your game mode has been updated
[23:42:19] [Server thread/INFO]: Saving and pausing game...
[23:42:19] [Server thread/INFO]: Saving chunks for level 'New World'/Overworld
[23:42:19] [Server thread/INFO]: Saving chunks for level 'New World'/Nether
[23:42:19] [Server thread/INFO]: Saving chunks for level 'New World'/The End
[23:43:02] [Server thread/INFO]: [ForgeDevName: Set own game mode to Survival Mode]
[23:43:02] [Client thread/INFO]: [CHAT] Your game mode has been updated
[23:43:07] [Server thread/INFO]: [ForgeDevName: Set own game mode to Creative Mode]
[23:43:07] [Client thread/INFO]: [CHAT] Your game mode has been updated
[23:43:12] [Server thread/INFO]: [ForgeDevName: Set own game mode to Survival Mode]
[23:43:12] [Client thread/INFO]: [CHAT] Your game mode has been updated
[23:43:41] [Client thread/INFO]: [CHAT] Event Fired
[23:43:41] [Client thread/INFO]: [CHAT] Event Fired
[23:44:03] [Server thread/INFO]: Saving and pausing game...
[23:44:03] [Server thread/INFO]: Saving chunks for level 'New World'/Overworld
[23:44:03] [Server thread/INFO]: Saving chunks for level 'New World'/Nether
[23:44:03] [Server thread/INFO]: Saving chunks for level 'New World'/The End
[23:44:04] [Server thread/INFO]: Stopping server
[23:44:04] [Server thread/INFO]: Saving players
[23:44:04] [Server thread/INFO]: Saving worlds
[23:44:04] [Server thread/INFO]: Saving chunks for level 'New World'/Overworld
[23:44:04] [Server thread/INFO]: Saving chunks for level 'New World'/Nether
[23:44:04] [Server thread/INFO]: Saving chunks for level 'New World'/The End
[23:44:05] [Client thread/INFO]: Stopping!
